<?xml version="1.0" encoding="UTF-8"?>
<!-- Generated by org.testng.reporters.JUnitReportReporter -->
<testsuite hostname="A2ML42483" failures="0" tests="3" name="runner.CucumberRunner" time="32.478" errors="3" timestamp="2022-04-15T18:32:26 IST" skipped="0">
  <testcase classname="runner.CucumberRunner" name="runScenario" time="8.083">
    <error message="Cannot invoke &quot;pages.MotorInsureNewPolicy_Page.clickMotorIcon()&quot; because &quot;this.motorInsurance&quot; is null" type="java.lang.NullPointerException">
      <![CDATA[java.lang.NullPointerException: Cannot invoke "pages.MotorInsureNewPolicy_Page.clickMotorIcon()" because "this.motorInsurance" is null
at stepdefinitions.MotorInsureNewPolicy_EnterDetails_AR.user_click_on_the_motor_option(MotorInsureNewPolicy_EnterDetails_AR.java:50)
at ✽.User click on the motor option(file:///C:/ArtDCP_BDD/src/test/resources/features/Motor_Insure_New_Policy_EnterDetails.feature:11)
]]>
    </error>
  </testcase> <!-- runScenario -->
  <system-out/>
  <testcase classname="runner.CucumberRunner" name="runScenario" time="7.458">
    <error message="Cannot invoke &quot;pages.MotorInsureNewPolicy_Page.clickMotorIcon()&quot; because &quot;this.motorInsurance&quot; is null" type="java.lang.NullPointerException">
      <![CDATA[java.lang.NullPointerException: Cannot invoke "pages.MotorInsureNewPolicy_Page.clickMotorIcon()" because "this.motorInsurance" is null
at stepdefinitions.MotorInsureNewPolicy_EnterDetails_AR.user_click_on_the_motor_option(MotorInsureNewPolicy_EnterDetails_AR.java:50)
at ✽.User click on the motor option(file:///C:/ArtDCP_BDD/src/test/resources/features/Motor_Insure_New_Policy_EnterDetails.feature:11)
]]>
    </error>
  </testcase> <!-- runScenario -->
  <system-out/>
  <testcase classname="runner.CucumberRunner" name="runScenario" time="16.937">
    <error message="Cannot invoke &quot;pages.MotorInsureNewPolicy_Page.clickMotorIcon()&quot; because &quot;this.motorInsurance&quot; is null" type="java.lang.NullPointerException">
      <![CDATA[java.lang.NullPointerException: Cannot invoke "pages.MotorInsureNewPolicy_Page.clickMotorIcon()" because "this.motorInsurance" is null
at stepdefinitions.MotorInsureNewPolicy_EnterDetails_AR.user_click_on_the_motor_option(MotorInsureNewPolicy_EnterDetails_AR.java:50)
at ✽.User click on the motor option(file:///C:/ArtDCP_BDD/src/test/resources/features/Motor_Insure_New_Policy_EnterDetails.feature:11)
]]>
    </error>
  </testcase> <!-- runScenario -->
  <system-out/>
</testsuite> <!-- runner.CucumberRunner -->
