<?xml version="1.0" encoding="UTF-8"?>
<!-- Generated by org.testng.reporters.JUnitReportReporter -->
<testsuite hostname="MT-5CD12778G0" failures="0" tests="2" name="runner.CucumberRunner" time="67.186" errors="0" timestamp="2022-05-08T16:10:34 IST" skipped="0">
  <testcase classname="runner.CucumberRunner" name="runScenario" time="25.915"/>
  <system-out/>
  <testcase classname="runner.CucumberRunner" name="runScenario" time="41.271"/>
  <system-out/>
</testsuite> <!-- runner.CucumberRunner -->
